[debug] [2021-10-02T15:58:44.687Z] ----------------------------------------------------------------------
[debug] [2021-10-02T15:58:44.696Z] Command:       C:\Program Files\nodejs\node.exe C:\Users\juhi\AppData\Roaming\npm\node_modules\firebase-tools\lib\bin\firebase.js deploy
[debug] [2021-10-02T15:58:44.698Z] CLI Version:   9.18.0
[debug] [2021-10-02T15:58:44.698Z] Platform:      win32
[debug] [2021-10-02T15:58:44.699Z] Node Version:  v14.17.6
[debug] [2021-10-02T15:58:44.770Z] Time:          Sat Oct 02 2021 21:28:44 GMT+0530 (India Standard Time)
[debug] [2021-10-02T15:58:44.771Z] ----------------------------------------------------------------------
[debug] 
[debug] [2021-10-02T15:58:45.013Z] > command requires scopes: ["email","openid","https://www.googleapis.com/auth/cloudplatformprojects.readonly","https://www.googleapis.com/auth/firebase","https://www.googleapis.com/auth/cloud-platform"]
[debug] [2021-10-02T15:58:45.014Z] > authorizing via signed-in user (joohilamohammad@gmail.com)
[debug] [2021-10-02T15:58:45.014Z] [iam] checking project joohila-dr-appointment-manager for permissions ["firebase.projects.get","firebasehosting.sites.update"]
[debug] [2021-10-02T15:58:45.018Z] > refreshing access token with scopes: ["email","https://www.googleapis.com/auth/cloud-platform","https://www.googleapis.com/auth/cloudplatformprojects.readonly","https://www.googleapis.com/auth/firebase","openid"]
[debug] [2021-10-02T15:58:45.019Z] >>> HTTP REQUEST POST https://www.googleapis.com/oauth2/v3/token  
 <request body omitted>
[debug] [2021-10-02T15:58:45.907Z] <<< HTTP RESPONSE 200 {"cache-control":"no-cache, no-store, max-age=0, must-revalidate","date":"Sat, 02 Oct 2021 15:58:45 GMT","pragma":"no-cache","expires":"Mon, 01 Jan 1990 00:00:00 GMT","content-type":"application/json; charset=utf-8","vary":"X-Origin, Referer, Origin,Accept-Encoding","server":"scaffolding on HTTPServer2","x-xss-protection":"0","x-frame-options":"SAMEORIGIN","x-content-type-options":"nosniff","alt-svc":"h3=\":443\"; ma=2592000,h3-29=\":443\"; ma=2592000,h3-T051=\":443\"; ma=2592000,h3-Q050=\":443\"; ma=2592000,h3-Q046=\":443\"; ma=2592000,h3-Q043=\":443\"; ma=2592000,quic=\":443\"; ma=2592000; v=\"46,43\"","accept-ranges":"none","transfer-encoding":"chunked"}
[debug] [2021-10-02T15:58:45.996Z] >>> HTTP REQUEST POST https://cloudresourcemanager.googleapis.com/v1/projects/joohila-dr-appointment-manager:testIamPermissions  
 {"permissions":["firebase.projects.get","firebasehosting.sites.update"]}
[debug] [2021-10-02T15:58:47.519Z] <<< HTTP RESPONSE 200 {"content-type":"application/json; charset=UTF-8","vary":"X-Origin, Referer, Origin,Accept-Encoding","date":"Sat, 02 Oct 2021 15:58:47 GMT","server":"ESF","cache-control":"private","x-xss-protection":"0","x-frame-options":"SAMEORIGIN","x-content-type-options":"nosniff","server-timing":"gfet4t7; dur=1205","alt-svc":"h3=\":443\"; ma=2592000,h3-29=\":443\"; ma=2592000,h3-T051=\":443\"; ma=2592000,h3-Q050=\":443\"; ma=2592000,h3-Q046=\":443\"; ma=2592000,h3-Q043=\":443\"; ma=2592000,quic=\":443\"; ma=2592000; v=\"46,43\"","accept-ranges":"none","transfer-encoding":"chunked"}
[debug] [2021-10-02T15:58:47.523Z] > refreshing access token with scopes: []
[debug] [2021-10-02T15:58:47.523Z] >>> HTTP REQUEST POST https://www.googleapis.com/oauth2/v3/token  
 <request body omitted>
[debug] [2021-10-02T15:58:47.749Z] <<< HTTP RESPONSE 200 {"expires":"Mon, 01 Jan 1990 00:00:00 GMT","pragma":"no-cache","date":"Sat, 02 Oct 2021 15:58:47 GMT","cache-control":"no-cache, no-store, max-age=0, must-revalidate","content-type":"application/json; charset=utf-8","vary":"X-Origin, Referer, Origin,Accept-Encoding","server":"scaffolding on HTTPServer2","x-xss-protection":"0","x-frame-options":"SAMEORIGIN","x-content-type-options":"nosniff","alt-svc":"h3=\":443\"; ma=2592000,h3-29=\":443\"; ma=2592000,h3-T051=\":443\"; ma=2592000,h3-Q050=\":443\"; ma=2592000,h3-Q046=\":443\"; ma=2592000,h3-Q043=\":443\"; ma=2592000,quic=\":443\"; ma=2592000; v=\"46,43\"","accept-ranges":"none","transfer-encoding":"chunked"}
[debug] [2021-10-02T15:58:47.828Z] >>> [apiv2][query] GET https://firebase.googleapis.com/v1beta1/projects/joohila-dr-appointment-manager [none]
[debug] [2021-10-02T15:58:48.712Z] <<< [apiv2][status] GET https://firebase.googleapis.com/v1beta1/projects/joohila-dr-appointment-manager 200
[debug] [2021-10-02T15:58:48.712Z] <<< [apiv2][body] GET https://firebase.googleapis.com/v1beta1/projects/joohila-dr-appointment-manager {"projectId":"joohila-dr-appointment-manager","projectNumber":"147552496400","displayName":"Joohila-dr-appointment-manager","name":"projects/joohila-dr-appointment-manager","resources":{"hostingSite":"joohila-dr-appointment-manager","storageBucket":"joohila-dr-appointment-manager.appspot.com","locationId":"us-central"},"state":"ACTIVE"}
[info] 
[info] === Deploying to 'joohila-dr-appointment-manager'...
[info] 
[info] i  deploying hosting 
[debug] [2021-10-02T15:58:48.731Z] > refreshing access token with scopes: ["email","https://www.googleapis.com/auth/cloud-platform","https://www.googleapis.com/auth/cloudplatformprojects.readonly","https://www.googleapis.com/auth/firebase","openid"]
[debug] [2021-10-02T15:58:48.731Z] >>> HTTP REQUEST POST https://www.googleapis.com/oauth2/v3/token  
 <request body omitted>
[debug] [2021-10-02T15:58:49.157Z] <<< HTTP RESPONSE 200 {"cache-control":"no-cache, no-store, max-age=0, must-revalidate","expires":"Mon, 01 Jan 1990 00:00:00 GMT","pragma":"no-cache","date":"Sat, 02 Oct 2021 15:58:49 GMT","content-type":"application/json; charset=utf-8","vary":"X-Origin, Referer, Origin,Accept-Encoding","server":"scaffolding on HTTPServer2","x-xss-protection":"0","x-frame-options":"SAMEORIGIN","x-content-type-options":"nosniff","alt-svc":"h3=\":443\"; ma=2592000,h3-29=\":443\"; ma=2592000,h3-T051=\":443\"; ma=2592000,h3-Q050=\":443\"; ma=2592000,h3-Q046=\":443\"; ma=2592000,h3-Q043=\":443\"; ma=2592000,quic=\":443\"; ma=2592000; v=\"46,43\"","accept-ranges":"none","transfer-encoding":"chunked"}
[debug] [2021-10-02T15:58:49.336Z] >>> HTTP REQUEST POST https://firebasehosting.googleapis.com/v1beta1/sites/joohila-dr-appointment-manager/versions  
 {"config":{"rewrites":[{"glob":"**","path":"/index.html"}]},"labels":{"deployment-tool":"cli-firebase"}}
[debug] [2021-10-02T15:58:51.764Z] <<< HTTP RESPONSE 200 {"content-type":"application/json; charset=UTF-8","vary":"X-Origin, Referer, Origin,Accept-Encoding","date":"Sat, 02 Oct 2021 15:58:51 GMT","server":"ESF","cache-control":"private","x-xss-protection":"0","x-frame-options":"SAMEORIGIN","x-content-type-options":"nosniff","alt-svc":"h3=\":443\"; ma=2592000,h3-29=\":443\"; ma=2592000,h3-T051=\":443\"; ma=2592000,h3-Q050=\":443\"; ma=2592000,h3-Q046=\":443\"; ma=2592000,h3-Q043=\":443\"; ma=2592000,quic=\":443\"; ma=2592000; v=\"46,43\"","accept-ranges":"none","transfer-encoding":"chunked"}
[info] i  hosting[joohila-dr-appointment-manager]: beginning deploy... 
[info] i  hosting[joohila-dr-appointment-manager]: found 17 files in build 
[debug] [2021-10-02T15:58:51.809Z] [hosting] hash cache [YnVpbGQ] not populated
